                      :-) GROMACS - gmx mdrun, 2020.4 (-:

                            GROMACS is written by:
     Emile Apol      Rossen Apostolov      Paul Bauer     Herman J.C. Berendsen
    Par Bjelkmar      Christian Blau   Viacheslav Bolnykh     Kevin Boyd    
 Aldert van Buuren   Rudi van Drunen     Anton Feenstra       Alan Gray     
  Gerrit Groenhof     Anca Hamuraru    Vincent Hindriksen  M. Eric Irrgang  
  Aleksei Iupinov   Christoph Junghans     Joe Jordan     Dimitrios Karkoulis
    Peter Kasson        Jiri Kraus      Carsten Kutzner      Per Larsson    
  Justin A. Lemkul    Viveca Lindahl    Magnus Lundborg     Erik Marklund   
    Pascal Merz     Pieter Meulenhoff    Teemu Murtola       Szilard Pall   
    Sander Pronk      Roland Schulz      Michael Shirts    Alexey Shvetsov  
   Alfons Sijbers     Peter Tieleman      Jon Vincent      Teemu Virolainen 
 Christian Wennberg    Maarten Wolf      Artem Zhmurov   
                           and the project leaders:
        Mark Abraham, Berk Hess, Erik Lindahl, and David van der Spoel

Copyright (c) 1991-2000, University of Groningen, The Netherlands.
Copyright (c) 2001-2019, The GROMACS development team at
Uppsala University, Stockholm University and
the Royal Institute of Technology, Sweden.
check out http://www.gromacs.org for more information.

GROMACS is free software; you can redistribute it and/or modify it
under the terms of the GNU Lesser General Public License
as published by the Free Software Foundation; either version 2.1
of the License, or (at your option) any later version.

GROMACS:      gmx mdrun, version 2020.4
Executable:   /share/apps/gromacs/2020.4/openmpi/intel/bin/gmx_mpi
Data prefix:  /share/apps/gromacs/2020.4/openmpi/intel
Working dir:  /scratch/work/courses/CHEM-GA-2671-2024fa/students/rjs9331/comp-lab-class-2024
Process ID:   259667
Command line:
  gmx_mpi mdrun -deffnm md_0_1

GROMACS version:    2020.4
Verified release checksum is 79c2857291b034542c26e90512b92fd4b184a1c9d6fa59c55f2e24ccf14e7281
Precision:          single
Memory model:       64 bit
MPI library:        MPI
OpenMP support:     disabled
GPU support:        disabled
SIMD instructions:  AVX_512
FFT library:        Intel MKL
RDTSCP usage:       enabled
TNG support:        enabled
Hwloc support:      disabled
Tracing support:    disabled
C compiler:         /share/apps/openmpi/4.0.5/intel/bin/mpicc Intel 19.1.2.20200623
C compiler flags:   -xCORE-AVX512 -qopt-zmm-usage=high -mkl=sequential -wd3180 -std=gnu99 -ip -funroll-all-loops -alias-const -ansi-alias -no-prec-div -fimf-domain-exclusion=14 -qoverride-limits -O3 -DNDEBUG
C++ compiler:       /share/apps/openmpi/4.0.5/intel/bin/mpicxx Intel 19.1.2.20200623
C++ compiler flags: -xCORE-AVX512 -qopt-zmm-usage=high -mkl=sequential -wd3180 -ip -funroll-all-loops -alias-const -ansi-alias -no-prec-div -fimf-domain-exclusion=14 -qoverride-limits -O3 -DNDEBUG


Running on 1 node with total 48 cores, 48 logical cores
Hardware detected on host cs043.hpc.nyu.edu (the node of MPI rank 0):
  CPU info:
    Vendor: Intel
    Brand:  Intel(R) Xeon(R) Platinum 8268 CPU @ 2.90GHz
    Family: 6   Model: 85   Stepping: 7
    Features: aes apic avx avx2 avx512f avx512cd avx512bw avx512vl clfsh cmov cx8 cx16 f16c fma htt intel lahf mmx msr nonstop_tsc pcid pclmuldq pdcm pdpe1gb popcnt pse rdrnd rdtscp sse2 sse3 sse4.1 sse4.2 ssse3 tdt x2apic
    Number of AVX-512 FMA units: 2
  Hardware topology: Only logical processor count


++++ PLEASE READ AND CITE THE FOLLOWING REFERENCE ++++
M. J. Abraham, T. Murtola, R. Schulz, S. Páll, J. C. Smith, B. Hess, E.
Lindahl
GROMACS: High performance molecular simulations through multi-level
parallelism from laptops to supercomputers
SoftwareX 1 (2015) pp. 19-25
-------- -------- --- Thank You --- -------- --------


++++ PLEASE READ AND CITE THE FOLLOWING REFERENCE ++++
S. Páll, M. J. Abraham, C. Kutzner, B. Hess, E. Lindahl
Tackling Exascale Software Challenges in Molecular Dynamics Simulations with
GROMACS
In S. Markidis & E. Laure (Eds.), Solving Software Challenges for Exascale 8759 (2015) pp. 3-27
-------- -------- --- Thank You --- -------- --------


++++ PLEASE READ AND CITE THE FOLLOWING REFERENCE ++++
S. Pronk, S. Páll, R. Schulz, P. Larsson, P. Bjelkmar, R. Apostolov, M. R.
Shirts, J. C. Smith, P. M. Kasson, D. van der Spoel, B. Hess, and E. Lindahl
GROMACS 4.5: a high-throughput and highly parallel open source molecular
simulation toolkit
Bioinformatics 29 (2013) pp. 845-54
-------- -------- --- Thank You --- -------- --------


++++ PLEASE READ AND CITE THE FOLLOWING REFERENCE ++++
B. Hess and C. Kutzner and D. van der Spoel and E. Lindahl
GROMACS 4: Algorithms for highly efficient, load-balanced, and scalable
molecular simulation
J. Chem. Theory Comput. 4 (2008) pp. 435-447
-------- -------- --- Thank You --- -------- --------


++++ PLEASE READ AND CITE THE FOLLOWING REFERENCE ++++
D. van der Spoel, E. Lindahl, B. Hess, G. Groenhof, A. E. Mark and H. J. C.
Berendsen
GROMACS: Fast, Flexible and Free
J. Comp. Chem. 26 (2005) pp. 1701-1719
-------- -------- --- Thank You --- -------- --------


++++ PLEASE READ AND CITE THE FOLLOWING REFERENCE ++++
E. Lindahl and B. Hess and D. van der Spoel
GROMACS 3.0: A package for molecular simulation and trajectory analysis
J. Mol. Mod. 7 (2001) pp. 306-317
-------- -------- --- Thank You --- -------- --------


++++ PLEASE READ AND CITE THE FOLLOWING REFERENCE ++++
H. J. C. Berendsen, D. van der Spoel and R. van Drunen
GROMACS: A message-passing parallel molecular dynamics implementation
Comp. Phys. Comm. 91 (1995) pp. 43-56
-------- -------- --- Thank You --- -------- --------


++++ PLEASE CITE THE DOI FOR THIS VERSION OF GROMACS ++++
https://doi.org/10.5281/zenodo.4054979
-------- -------- --- Thank You --- -------- --------

Input Parameters:
   integrator                     = md
   tinit                          = 0
   dt                             = 0.002
   nsteps                         = 500000
   init-step                      = 0
   simulation-part                = 1
   comm-mode                      = Linear
   nstcomm                        = 100
   bd-fric                        = 0
   ld-seed                        = 1377822239
   emtol                          = 10
   emstep                         = 0.01
   niter                          = 20
   fcstep                         = 0
   nstcgsteep                     = 1000
   nbfgscorr                      = 10
   rtpi                           = 0.05
   nstxout                        = 0
   nstvout                        = 0
   nstfout                        = 0
   nstlog                         = 5000
   nstcalcenergy                  = 100
   nstenergy                      = 5000
   nstxout-compressed             = 5000
   compressed-x-precision         = 1000
   cutoff-scheme                  = Verlet
   nstlist                        = 10
   pbc                            = xyz
   periodic-molecules             = false
   verlet-buffer-tolerance        = 0.005
   rlist                          = 1
   coulombtype                    = PME
   coulomb-modifier               = Potential-shift
   rcoulomb-switch                = 0
   rcoulomb                       = 1
   epsilon-r                      = 1
   epsilon-rf                     = inf
   vdw-type                       = Cut-off
   vdw-modifier                   = Potential-shift
   rvdw-switch                    = 0
   rvdw                           = 1
   DispCorr                       = EnerPres
   table-extension                = 1
   fourierspacing                 = 0.16
   fourier-nx                     = 28
   fourier-ny                     = 28
   fourier-nz                     = 28
   pme-order                      = 4
   ewald-rtol                     = 1e-05
   ewald-rtol-lj                  = 0.001
   lj-pme-comb-rule               = Geometric
   ewald-geometry                 = 0
   epsilon-surface                = 0
   tcoupl                         = V-rescale
   nsttcouple                     = 10
   nh-chain-length                = 0
   print-nose-hoover-chain-variables = false
   pcoupl                         = Parrinello-Rahman
   pcoupltype                     = Isotropic
   nstpcouple                     = 10
   tau-p                          = 2
   compressibility (3x3):
      compressibility[    0]={ 4.50000e-05,  0.00000e+00,  0.00000e+00}
      compressibility[    1]={ 0.00000e+00,  4.50000e-05,  0.00000e+00}
      compressibility[    2]={ 0.00000e+00,  0.00000e+00,  4.50000e-05}
   ref-p (3x3):
      ref-p[    0]={ 1.00000e+00,  0.00000e+00,  0.00000e+00}
      ref-p[    1]={ 0.00000e+00,  1.00000e+00,  0.00000e+00}
      ref-p[    2]={ 0.00000e+00,  0.00000e+00,  1.00000e+00}
   refcoord-scaling               = No
   posres-com (3):
      posres-com[0]= 0.00000e+00
      posres-com[1]= 0.00000e+00
      posres-com[2]= 0.00000e+00
   posres-comB (3):
      posres-comB[0]= 0.00000e+00
      posres-comB[1]= 0.00000e+00
      posres-comB[2]= 0.00000e+00
   QMMM                           = false
   QMconstraints                  = 0
   QMMMscheme                     = 0
   MMChargeScaleFactor            = 1
qm-opts:
   ngQM                           = 0
   constraint-algorithm           = Lincs
   continuation                   = true
   Shake-SOR                      = false
   shake-tol                      = 0.0001
   lincs-order                    = 4
   lincs-iter                     = 1
   lincs-warnangle                = 30
   nwall                          = 0
   wall-type                      = 9-3
   wall-r-linpot                  = -1
   wall-atomtype[0]               = -1
   wall-atomtype[1]               = -1
   wall-density[0]                = 0
   wall-density[1]                = 0
   wall-ewald-zfac                = 3
   pull                           = false
   awh                            = false
   rotation                       = false
   interactiveMD                  = false
   disre                          = No
   disre-weighting                = Conservative
   disre-mixed                    = false
   dr-fc                          = 1000
   dr-tau                         = 0
   nstdisreout                    = 100
   orire-fc                       = 0
   orire-tau                      = 0
   nstorireout                    = 100
   free-energy                    = no
   cos-acceleration               = 0
   deform (3x3):
      deform[    0]={ 0.00000e+00,  0.00000e+00,  0.00000e+00}
      deform[    1]={ 0.00000e+00,  0.00000e+00,  0.00000e+00}
      deform[    2]={ 0.00000e+00,  0.00000e+00,  0.00000e+00}
   simulated-tempering            = false
   swapcoords                     = no
   userint1                       = 0
   userint2                       = 0
   userint3                       = 0
   userint4                       = 0
   userreal1                      = 0
   userreal2                      = 0
   userreal3                      = 0
   userreal4                      = 0
   applied-forces:
     electric-field:
       x:
         E0                       = 0
         omega                    = 0
         t0                       = 0
         sigma                    = 0
       y:
         E0                       = 0
         omega                    = 0
         t0                       = 0
         sigma                    = 0
       z:
         E0                       = 0
         omega                    = 0
         t0                       = 0
         sigma                    = 0
     density-guided-simulation:
       active                     = false
       group                      = protein
       similarity-measure         = inner-product
       atom-spreading-weight      = unity
       force-constant             = 1e+09
       gaussian-transform-spreading-width = 0.2
       gaussian-transform-spreading-range-in-multiples-of-width = 4
       reference-density-filename = reference.mrc
       nst                        = 1
       normalize-densities        = true
       adaptive-force-scaling     = false
       adaptive-force-scaling-time-constant = 4
grpopts:
   nrdf:     715.852     13809.1
   ref-t:         300         300
   tau-t:         0.1         0.1
annealing:          No          No
annealing-npoints:           0           0
   acc:	           0           0           0
   nfreeze:           N           N           N
   energygrp-flags[  0]: 0

Changing nstlist from 10 to 50, rlist from 1 to 1.117

Using 1 MPI process

Non-default thread affinity set, disabling internal thread affinity
System total charge: -0.000
Will do PME sum in reciprocal space for electrostatic interactions.

++++ PLEASE READ AND CITE THE FOLLOWING REFERENCE ++++
U. Essmann, L. Perera, M. L. Berkowitz, T. Darden, H. Lee and L. G. Pedersen 
A smooth particle mesh Ewald method
J. Chem. Phys. 103 (1995) pp. 8577-8592
-------- -------- --- Thank You --- -------- --------

Using a Gaussian width (1/beta) of 0.320163 nm for Ewald
Potential shift: LJ r^-12: -1.000e+00 r^-6: -1.000e+00, Ewald -1.000e-05
Initialized non-bonded Ewald tables, spacing: 9.33e-04 size: 1073

Generated table with 1058 data points for 1-4 COUL.
Tabscale = 500 points/nm
Generated table with 1058 data points for 1-4 LJ6.
Tabscale = 500 points/nm
Generated table with 1058 data points for 1-4 LJ12.
Tabscale = 500 points/nm

Using SIMD 4x8 nonbonded short-range kernels

Using a dual 4x8 pair-list setup updated with dynamic pruning:
  outer list: updated every 50 steps, buffer 0.117 nm, rlist 1.117 nm
  inner list: updated every 12 steps, buffer 0.003 nm, rlist 1.003 nm
At tolerance 0.005 kJ/mol/ps per atom, equivalent classical 1x1 list would be:
  outer list: updated every 50 steps, buffer 0.246 nm, rlist 1.246 nm
  inner list: updated every 12 steps, buffer 0.048 nm, rlist 1.048 nm

Using geometric Lennard-Jones combination rule

Long Range LJ corr.: <C6> 3.0996e-04


Initializing LINear Constraint Solver

++++ PLEASE READ AND CITE THE FOLLOWING REFERENCE ++++
B. Hess and H. Bekker and H. J. C. Berendsen and J. G. E. M. Fraaije
LINCS: A Linear Constraint Solver for molecular simulations
J. Comp. Chem. 18 (1997) pp. 1463-1472
-------- -------- --- Thank You --- -------- --------

The number of constraints is 136

++++ PLEASE READ AND CITE THE FOLLOWING REFERENCE ++++
S. Miyamoto and P. A. Kollman
SETTLE: An Analytical Version of the SHAKE and RATTLE Algorithms for Rigid
Water Models
J. Comp. Chem. 13 (1992) pp. 952-962
-------- -------- --- Thank You --- -------- --------


++++ PLEASE READ AND CITE THE FOLLOWING REFERENCE ++++
G. Bussi, D. Donadio and M. Parrinello
Canonical sampling through velocity rescaling
J. Chem. Phys. 126 (2007) pp. 014101
-------- -------- --- Thank You --- -------- --------

There are: 7190 Atoms
Center of mass motion removal mode is Linear
We have the following groups for center of mass motion removal:
  0:  rest

Started mdrun on rank 0 Thu Sep 19 16:31:22 2024

           Step           Time
              0        0.00000

   Energies (kJ/mol)
           Bond          Angle    Proper Dih. Ryckaert-Bell.          LJ-14
    2.13952e+02    5.98308e+02    3.65152e+01    3.07643e+02    3.78095e+02
     Coulomb-14        LJ (SR)  Disper. corr.   Coulomb (SR)   Coul. recip.
    1.84781e+03    2.04864e+04   -9.37545e+02   -1.34668e+05    6.61361e+02
      Potential    Kinetic En.   Total Energy  Conserved En.    Temperature
   -1.11075e+05    1.76106e+04   -9.34645e+04   -9.34602e+04    2.91644e+02
 Pres. DC (bar) Pressure (bar)   Constr. rmsd
   -2.17978e+02    9.80090e+01    1.63810e-06

           Step           Time
           5000       10.00000

   Energies (kJ/mol)
           Bond          Angle    Proper Dih. Ryckaert-Bell.          LJ-14
    2.46709e+02    5.80930e+02    5.71710e+01    3.37640e+02    3.97857e+02
     Coulomb-14        LJ (SR)  Disper. corr.   Coulomb (SR)   Coul. recip.
    1.88211e+03    2.07482e+04   -9.47041e+02   -1.35341e+05    6.12951e+02
      Potential    Kinetic En.   Total Energy  Conserved En.    Temperature
   -1.11424e+05    1.80477e+04   -9.33764e+04   -9.34362e+04    2.98882e+02
 Pres. DC (bar) Pressure (bar)   Constr. rmsd
   -2.22411e+02    2.10282e+02    2.16711e-06

           Step           Time
          10000       20.00000

   Energies (kJ/mol)
           Bond          Angle    Proper Dih. Ryckaert-Bell.          LJ-14
    1.95116e+02    5.61494e+02    3.04346e+01    2.70716e+02    4.11712e+02
     Coulomb-14        LJ (SR)  Disper. corr.   Coulomb (SR)   Coul. recip.
    1.86759e+03    2.07062e+04   -9.44594e+02   -1.35504e+05    5.80012e+02
      Potential    Kinetic En.   Total Energy  Conserved En.    Temperature
   -1.11825e+05    1.81597e+04   -9.36655e+04   -9.34376e+04    3.00739e+02
 Pres. DC (bar) Pressure (bar)   Constr. rmsd
   -2.21265e+02    2.83297e+02    2.35120e-06

           Step           Time
          15000       30.00000

   Energies (kJ/mol)
           Bond          Angle    Proper Dih. Ryckaert-Bell.          LJ-14
    2.44404e+02    6.05597e+02    3.64080e+01    3.04182e+02    3.73806e+02
     Coulomb-14        LJ (SR)  Disper. corr.   Coulomb (SR)   Coul. recip.
    1.86606e+03    2.05007e+04   -9.30972e+02   -1.34438e+05    6.14973e+02
      Potential    Kinetic En.   Total Energy  Conserved En.    Temperature
   -1.10823e+05    1.80595e+04   -9.27635e+04   -9.34188e+04    2.99079e+02
 Pres. DC (bar) Pressure (bar)   Constr. rmsd
   -2.14936e+02    3.76530e+01    2.30142e-06

           Step           Time
          20000       40.00000

   Energies (kJ/mol)
           Bond          Angle    Proper Dih. Ryckaert-Bell.          LJ-14
    2.39429e+02    6.50660e+02    2.95894e+01    2.53399e+02    4.03429e+02
     Coulomb-14        LJ (SR)  Disper. corr.   Coulomb (SR)   Coul. recip.
    1.87090e+03    1.98209e+04   -9.30203e+02   -1.33973e+05    6.21644e+02
      Potential    Kinetic En.   Total Energy  Conserved En.    Temperature
   -1.11013e+05    1.83694e+04   -9.26436e+04   -9.33913e+04    3.04211e+02
 Pres. DC (bar) Pressure (bar)   Constr. rmsd
   -2.14582e+02   -5.61111e+02    3.15605e-06

           Step           Time
          25000       50.00000

   Energies (kJ/mol)
           Bond          Angle    Proper Dih. Ryckaert-Bell.          LJ-14
    2.37082e+02    6.39304e+02    5.99188e+01    2.49899e+02    3.81269e+02
     Coulomb-14        LJ (SR)  Disper. corr.   Coulomb (SR)   Coul. recip.
    1.86412e+03    2.08161e+04   -9.36335e+02   -1.35293e+05    5.83638e+02
      Potential    Kinetic En.   Total Energy  Conserved En.    Temperature
   -1.11398e+05    1.83117e+04   -9.30863e+04   -9.33929e+04    3.03255e+02
 Pres. DC (bar) Pressure (bar)   Constr. rmsd
   -2.17417e+02    3.15343e+00    2.09974e-06

           Step           Time
          30000       60.00000

   Energies (kJ/mol)
           Bond          Angle    Proper Dih. Ryckaert-Bell.          LJ-14
    2.28367e+02    6.09540e+02    3.64460e+01    2.99407e+02    4.04075e+02
     Coulomb-14        LJ (SR)  Disper. corr.   Coulomb (SR)   Coul. recip.
    1.86086e+03    2.03515e+04   -9.41722e+02   -1.34575e+05    6.58294e+02
      Potential    Kinetic En.   Total Energy  Conserved En.    Temperature
   -1.11068e+05    1.78792e+04   -9.31888e+04   -9.33772e+04    2.96093e+02
 Pres. DC (bar) Pressure (bar)   Constr. rmsd
   -2.19923e+02   -8.62204e+01    1.84064e-06

           Step           Time
          35000       70.00000

   Energies (kJ/mol)
           Bond          Angle    Proper Dih. Ryckaert-Bell.          LJ-14
    2.17897e+02    6.42784e+02    3.54102e+01    2.54820e+02    4.22804e+02
     Coulomb-14        LJ (SR)  Disper. corr.   Coulomb (SR)   Coul. recip.
    1.87930e+03    2.02151e+04   -9.42026e+02   -1.34803e+05    6.60462e+02
      Potential    Kinetic En.   Total Energy  Conserved En.    Temperature
   -1.11417e+05    1.85242e+04   -9.28925e+04   -9.33825e+04    3.06774e+02
 Pres. DC (bar) Pressure (bar)   Constr. rmsd
   -2.20065e+02   -1.17891e+02    3.07910e-06

           Step           Time
          40000       80.00000

   Energies (kJ/mol)
           Bond          Angle    Proper Dih. Ryckaert-Bell.          LJ-14
    1.75312e+02    5.29251e+02    5.36263e+01    1.81061e+02    4.24847e+02
     Coulomb-14        LJ (SR)  Disper. corr.   Coulomb (SR)   Coul. recip.
    1.85161e+03    2.04131e+04   -9.34659e+02   -1.34571e+05    6.27904e+02
      Potential    Kinetic En.   Total Energy  Conserved En.    Temperature
   -1.11249e+05    1.80405e+04   -9.32083e+04   -9.33750e+04    2.98764e+02
 Pres. DC (bar) Pressure (bar)   Constr. rmsd
   -2.16640e+02   -8.58466e+01    2.19685e-06

           Step           Time
          45000       90.00000

   Energies (kJ/mol)
           Bond          Angle    Proper Dih. Ryckaert-Bell.          LJ-14
    2.41689e+02    6.24828e+02    2.81427e+01    2.03591e+02    3.89253e+02
     Coulomb-14        LJ (SR)  Disper. corr.   Coulomb (SR)   Coul. recip.
    1.84856e+03    2.08260e+04   -9.39318e+02   -1.35814e+05    6.10862e+02
      Potential    Kinetic En.   Total Energy  Conserved En.    Temperature
   -1.11981e+05    1.76909e+04   -9.42898e+04   -9.33578e+04    2.92975e+02
 Pres. DC (bar) Pressure (bar)   Constr. rmsd
   -2.18803e+02   -2.96602e+02    3.42037e-06

           Step           Time
          50000      100.00000

   Energies (kJ/mol)
           Bond          Angle    Proper Dih. Ryckaert-Bell.          LJ-14
    2.20291e+02    6.33952e+02    3.44978e+01    2.12035e+02    3.71902e+02
     Coulomb-14        LJ (SR)  Disper. corr.   Coulomb (SR)   Coul. recip.
    1.81655e+03    2.02502e+04   -9.41794e+02   -1.34800e+05    5.98306e+02
      Potential    Kinetic En.   Total Energy  Conserved En.    Temperature
   -1.11604e+05    1.84328e+04   -9.31711e+04   -9.33574e+04    3.05261e+02
 Pres. DC (bar) Pressure (bar)   Constr. rmsd
   -2.19957e+02   -1.51180e+02    2.20536e-06

           Step           Time
          55000      110.00000

   Energies (kJ/mol)
           Bond          Angle    Proper Dih. Ryckaert-Bell.          LJ-14
    2.31519e+02    5.72625e+02    3.01740e+01    2.10840e+02    3.63012e+02
     Coulomb-14        LJ (SR)  Disper. corr.   Coulomb (SR)   Coul. recip.
    1.85004e+03    2.09527e+04   -9.36172e+02   -1.36052e+05    6.24377e+02
      Potential    Kinetic En.   Total Energy  Conserved En.    Temperature
   -1.12153e+05    1.84141e+04   -9.37391e+04   -9.33392e+04    3.04950e+02
 Pres. DC (bar) Pressure (bar)   Constr. rmsd
   -2.17341e+02   -7.17661e+01    3.00504e-06

           Step           Time
          60000      120.00000

   Energies (kJ/mol)
           Bond          Angle    Proper Dih. Ryckaert-Bell.          LJ-14
    1.81771e+02    5.74873e+02    3.05474e+01    2.32065e+02    3.74648e+02
     Coulomb-14        LJ (SR)  Disper. corr.   Coulomb (SR)   Coul. recip.
    1.82098e+03    2.02419e+04   -9.34428e+02   -1.34922e+05    6.23522e+02
      Potential    Kinetic En.   Total Energy  Conserved En.    Temperature
   -1.11776e+05    1.78088e+04   -9.39673e+04   -9.33186e+04    2.94927e+02
 Pres. DC (bar) Pressure (bar)   Constr. rmsd
   -2.16533e+02   -4.49854e+02    2.42786e-06

           Step           Time
          65000      130.00000

   Energies (kJ/mol)
           Bond          Angle    Proper Dih. Ryckaert-Bell.          LJ-14
    2.17950e+02    5.73951e+02    5.02356e+01    2.40105e+02    3.84860e+02
     Coulomb-14        LJ (SR)  Disper. corr.   Coulomb (SR)   Coul. recip.
    1.86426e+03    2.06041e+04   -9.41997e+02   -1.34739e+05    6.05578e+02
      Potential    Kinetic En.   Total Energy  Conserved En.    Temperature
   -1.11140e+05    1.82184e+04   -9.29214e+04   -9.33093e+04    3.01710e+02
 Pres. DC (bar) Pressure (bar)   Constr. rmsd
   -2.20051e+02    1.50678e+02    2.42295e-06

           Step           Time
          70000      140.00000

   Energies (kJ/mol)
           Bond          Angle    Proper Dih. Ryckaert-Bell.          LJ-14
    2.06755e+02    6.18320e+02    3.13086e+01    2.87471e+02    4.03725e+02
     Coulomb-14        LJ (SR)  Disper. corr.   Coulomb (SR)   Coul. recip.
    1.88701e+03    2.09081e+04   -9.48890e+02   -1.35729e+05    6.18338e+02
      Potential    Kinetic En.   Total Energy  Conserved En.    Temperature
   -1.11717e+05    1.81684e+04   -9.35484e+04   -9.33004e+04    3.00883e+02
 Pres. DC (bar) Pressure (bar)   Constr. rmsd
   -2.23279e+02    3.79212e+02    1.96254e-06

           Step           Time
          75000      150.00000

   Energies (kJ/mol)
           Bond          Angle    Proper Dih. Ryckaert-Bell.          LJ-14
    2.63388e+02    5.88248e+02    2.81568e+01    2.83260e+02    3.83967e+02
     Coulomb-14        LJ (SR)  Disper. corr.   Coulomb (SR)   Coul. recip.
    1.86053e+03    2.05227e+04   -9.37774e+02   -1.34975e+05    6.05165e+02
      Potential    Kinetic En.   Total Energy  Conserved En.    Temperature
   -1.11377e+05    1.78870e+04   -9.34903e+04   -9.32752e+04    2.96222e+02
 Pres. DC (bar) Pressure (bar)   Constr. rmsd
   -2.18085e+02   -2.43734e+01    2.81265e-06

           Step           Time
          80000      160.00000

   Energies (kJ/mol)
           Bond          Angle    Proper Dih. Ryckaert-Bell.          LJ-14
    1.94664e+02    5.69821e+02    3.69141e+01    2.74571e+02    4.19653e+02
     Coulomb-14        LJ (SR)  Disper. corr.   Coulomb (SR)   Coul. recip.
    1.88118e+03    2.08932e+04   -9.41428e+02   -1.36143e+05    6.03339e+02
      Potential    Kinetic En.   Total Energy  Conserved En.    Temperature
   -1.12211e+05    1.79084e+04   -9.43026e+04   -9.32606e+04    2.96576e+02
 Pres. DC (bar) Pressure (bar)   Constr. rmsd
   -2.19786e+02    1.38249e+02    2.58529e-06

           Step           Time
          85000      170.00000

   Energies (kJ/mol)
           Bond          Angle    Proper Dih. Ryckaert-Bell.          LJ-14
    2.10151e+02    5.76199e+02    3.92756e+01    2.65738e+02    3.89636e+02
     Coulomb-14        LJ (SR)  Disper. corr.   Coulomb (SR)   Coul. recip.
    1.90875e+03    2.07495e+04   -9.36018e+02   -1.35087e+05    5.92084e+02
      Potential    Kinetic En.   Total Energy  Conserved En.    Temperature
   -1.11292e+05    1.78933e+04   -9.33987e+04   -9.32606e+04    2.96327e+02
 Pres. DC (bar) Pressure (bar)   Constr. rmsd
   -2.17270e+02   -3.88974e+01    2.18963e-06

           Step           Time
          90000      180.00000

   Energies (kJ/mol)
           Bond          Angle    Proper Dih. Ryckaert-Bell.          LJ-14
    2.16409e+02    5.58531e+02    4.97346e+01    2.86363e+02    4.28591e+02
     Coulomb-14        LJ (SR)  Disper. corr.   Coulomb (SR)   Coul. recip.
    1.87143e+03    2.05470e+04   -9.38147e+02   -1.35120e+05    6.39093e+02
      Potential    Kinetic En.   Total Energy  Conserved En.    Temperature
   -1.11461e+05    1.84161e+04   -9.30446e+04   -9.32314e+04    3.04984e+02
 Pres. DC (bar) Pressure (bar)   Constr. rmsd
   -2.18258e+02    6.56879e+01    2.20563e-06

           Step           Time
          95000      190.00000

   Energies (kJ/mol)
           Bond          Angle    Proper Dih. Ryckaert-Bell.          LJ-14
    2.01535e+02    5.47772e+02    3.48879e+01    2.66385e+02    3.91379e+02
     Coulomb-14        LJ (SR)  Disper. corr.   Coulomb (SR)   Coul. recip.
    1.87397e+03    2.08986e+04   -9.43704e+02   -1.36147e+05    6.27449e+02
      Potential    Kinetic En.   Total Energy  Conserved En.    Temperature
   -1.12249e+05    1.78282e+04   -9.44209e+04   -9.32150e+04    2.95248e+02
 Pres. DC (bar) Pressure (bar)   Constr. rmsd
   -2.20848e+02    2.24091e+01    2.14087e-06

           Step           Time
         100000      200.00000

   Energies (kJ/mol)
           Bond          Angle    Proper Dih. Ryckaert-Bell.          LJ-14
    2.45701e+02    5.61642e+02    3.54756e+01    2.70126e+02    4.18045e+02
     Coulomb-14        LJ (SR)  Disper. corr.   Coulomb (SR)   Coul. recip.
    1.88447e+03    2.07905e+04   -9.45612e+02   -1.35245e+05    6.31977e+02
      Potential    Kinetic En.   Total Energy  Conserved En.    Temperature
   -1.11353e+05    1.80456e+04   -9.33074e+04   -9.32080e+04    2.98849e+02
 Pres. DC (bar) Pressure (bar)   Constr. rmsd
   -2.21741e+02    1.62495e+02    2.30109e-06

           Step           Time
         105000      210.00000

   Energies (kJ/mol)
           Bond          Angle    Proper Dih. Ryckaert-Bell.          LJ-14
    2.28924e+02    5.62084e+02    3.61391e+01    2.75469e+02    3.66994e+02
     Coulomb-14        LJ (SR)  Disper. corr.   Coulomb (SR)   Coul. recip.
    1.87391e+03    2.05302e+04   -9.35688e+02   -1.35215e+05    5.83280e+02
      Potential    Kinetic En.   Total Energy  Conserved En.    Temperature
   -1.11693e+05    1.79686e+04   -9.37249e+04   -9.31946e+04    2.97573e+02
 Pres. DC (bar) Pressure (bar)   Constr. rmsd
   -2.17117e+02   -2.50634e+02    2.21441e-06

           Step           Time
         110000      220.00000

   Energies (kJ/mol)
           Bond          Angle    Proper Dih. Ryckaert-Bell.          LJ-14
    1.77807e+02    6.11860e+02    2.48553e+01    2.79161e+02    3.95925e+02
     Coulomb-14        LJ (SR)  Disper. corr.   Coulomb (SR)   Coul. recip.
    1.91597e+03    2.08398e+04   -9.36375e+02   -1.35671e+05    6.11045e+02
      Potential    Kinetic En.   Total Energy  Conserved En.    Temperature
   -1.11751e+05    1.81657e+04   -9.35856e+04   -9.31843e+04    3.00837e+02
 Pres. DC (bar) Pressure (bar)   Constr. rmsd
   -2.17436e+02    2.12385e+02    2.24579e-06

           Step           Time
         115000      230.00000

   Energies (kJ/mol)
           Bond          Angle    Proper Dih. Ryckaert-Bell.          LJ-14
    2.03505e+02    5.60401e+02    3.47868e+01    3.12885e+02    3.95517e+02
     Coulomb-14        LJ (SR)  Disper. corr.   Coulomb (SR)   Coul. recip.
    1.87121e+03    2.04260e+04   -9.38683e+02   -1.34923e+05    6.01836e+02
      Potential    Kinetic En.   Total Energy  Conserved En.    Temperature
   -1.11456e+05    1.75681e+04   -9.38877e+04   -9.31739e+04    2.90940e+02
 Pres. DC (bar) Pressure (bar)   Constr. rmsd
   -2.18507e+02   -1.34427e+02    2.64076e-06

           Step           Time
         120000      240.00000

   Energies (kJ/mol)
           Bond          Angle    Proper Dih. Ryckaert-Bell.          LJ-14
    1.92647e+02    6.29236e+02    3.18680e+01    2.81396e+02    4.01215e+02
     Coulomb-14        LJ (SR)  Disper. corr.   Coulomb (SR)   Coul. recip.
    1.83717e+03    2.02400e+04   -9.44644e+02   -1.34747e+05    6.43243e+02
      Potential    Kinetic En.   Total Energy  Conserved En.    Temperature
   -1.11435e+05    1.86895e+04   -9.27455e+04   -9.31669e+04    3.09512e+02
 Pres. DC (bar) Pressure (bar)   Constr. rmsd
   -2.21288e+02    4.34058e+01    2.54740e-06

           Step           Time
         125000      250.00000

   Energies (kJ/mol)
           Bond          Angle    Proper Dih. Ryckaert-Bell.          LJ-14
    1.80710e+02    6.91283e+02    4.09971e+01    2.29214e+02    4.11105e+02
     Coulomb-14        LJ (SR)  Disper. corr.   Coulomb (SR)   Coul. recip.
    1.87021e+03    2.04594e+04   -9.37502e+02   -1.34634e+05    6.30100e+02
      Potential    Kinetic En.   Total Energy  Conserved En.    Temperature
   -1.11058e+05    1.83108e+04   -9.27473e+04   -9.31525e+04    3.03241e+02
 Pres. DC (bar) Pressure (bar)   Constr. rmsd
   -2.17958e+02    1.29853e+02    2.50478e-06

           Step           Time
         130000      260.00000

   Energies (kJ/mol)
           Bond          Angle    Proper Dih. Ryckaert-Bell.          LJ-14
    2.06390e+02    5.98530e+02    2.73047e+01    2.20027e+02    3.73410e+02
     Coulomb-14        LJ (SR)  Disper. corr.   Coulomb (SR)   Coul. recip.
    1.80370e+03    2.12572e+04   -9.39255e+02   -1.36180e+05    6.66163e+02
      Potential    Kinetic En.   Total Energy  Conserved En.    Temperature
   -1.11967e+05    1.81906e+04   -9.37759e+04   -9.31253e+04    3.01250e+02
 Pres. DC (bar) Pressure (bar)   Constr. rmsd
   -2.18773e+02    1.83189e+02    2.02781e-06

           Step           Time
         135000      270.00000

   Energies (kJ/mol)
           Bond          Angle    Proper Dih. Ryckaert-Bell.          LJ-14
    1.98031e+02    6.64349e+02    4.07230e+01    2.61889e+02    3.77028e+02
     Coulomb-14        LJ (SR)  Disper. corr.   Coulomb (SR)   Coul. recip.
    1.83714e+03    2.05141e+04   -9.45896e+02   -1.34647e+05    5.93545e+02
      Potential    Kinetic En.   Total Energy  Conserved En.    Temperature
   -1.11106e+05    1.79444e+04   -9.31620e+04   -9.31110e+04    2.97172e+02
 Pres. DC (bar) Pressure (bar)   Constr. rmsd
   -2.21874e+02    2.37664e+02    3.23875e-06

           Step           Time
         140000      280.00000

   Energies (kJ/mol)
           Bond          Angle    Proper Dih. Ryckaert-Bell.          LJ-14
    1.97815e+02    5.84001e+02    3.29208e+01    2.46378e+02    4.10880e+02
     Coulomb-14        LJ (SR)  Disper. corr.   Coulomb (SR)   Coul. recip.
    1.85392e+03    2.08777e+04   -9.43214e+02   -1.34975e+05    6.10807e+02
      Potential    Kinetic En.   Total Energy  Conserved En.    Temperature
   -1.11104e+05    1.79356e+04   -9.31680e+04   -9.30734e+04    2.97026e+02
 Pres. DC (bar) Pressure (bar)   Constr. rmsd
   -2.20619e+02    4.75673e+02    3.69075e-06

           Step           Time
         145000      290.00000

   Energies (kJ/mol)
           Bond          Angle    Proper Dih. Ryckaert-Bell.          LJ-14
    2.38878e+02    5.75404e+02    2.96676e+01    2.30532e+02    4.16274e+02
     Coulomb-14        LJ (SR)  Disper. corr.   Coulomb (SR)   Coul. recip.
    1.85447e+03    2.03660e+04   -9.32765e+02   -1.35109e+05    6.13976e+02
      Potential    Kinetic En.   Total Energy  Conserved En.    Temperature
   -1.11716e+05    1.81587e+04   -9.35578e+04   -9.30612e+04    3.00721e+02
 Pres. DC (bar) Pressure (bar)   Constr. rmsd
   -2.15764e+02   -1.96079e+02    1.84473e-06

           Step           Time
         150000      300.00000

   Energies (kJ/mol)
           Bond          Angle    Proper Dih. Ryckaert-Bell.          LJ-14
    2.13688e+02    6.11297e+02    3.07904e+01    2.25821e+02    3.86704e+02
     Coulomb-14        LJ (SR)  Disper. corr.   Coulomb (SR)   Coul. recip.
    1.81998e+03    2.04044e+04   -9.42722e+02   -1.34753e+05    6.34799e+02
      Potential    Kinetic En.   Total Energy  Conserved En.    Temperature
   -1.11368e+05    1.80063e+04   -9.33622e+04   -9.30551e+04    2.98197e+02
 Pres. DC (bar) Pressure (bar)   Constr. rmsd
   -2.20390e+02   -5.52144e+01    2.05952e-06

           Step           Time
         155000      310.00000

   Energies (kJ/mol)
           Bond          Angle    Proper Dih. Ryckaert-Bell.          LJ-14
    1.96128e+02    5.60374e+02    2.86631e+01    2.70230e+02    3.82146e+02
     Coulomb-14        LJ (SR)  Disper. corr.   Coulomb (SR)   Coul. recip.
    1.85212e+03    2.02988e+04   -9.40185e+02   -1.34984e+05    5.91689e+02
      Potential    Kinetic En.   Total Energy  Conserved En.    Temperature
   -1.11744e+05    1.83120e+04   -9.34316e+04   -9.30477e+04    3.03260e+02
 Pres. DC (bar) Pressure (bar)   Constr. rmsd
   -2.19206e+02   -3.18859e+02    3.53375e-06

           Step           Time
         160000      320.00000

   Energies (kJ/mol)
           Bond          Angle    Proper Dih. Ryckaert-Bell.          LJ-14
    2.14755e+02    6.65256e+02    1.83664e+01    2.26236e+02    3.51392e+02
     Coulomb-14        LJ (SR)  Disper. corr.   Coulomb (SR)   Coul. recip.
    1.80504e+03    2.06072e+04   -9.36286e+02   -1.34907e+05    6.22772e+02
      Potential    Kinetic En.   Total Energy  Conserved En.    Temperature
   -1.11333e+05    1.78642e+04   -9.34684e+04   -9.30286e+04    2.95845e+02
 Pres. DC (bar) Pressure (bar)   Constr. rmsd
   -2.17394e+02   -2.14257e+02    1.78746e-06

           Step           Time
         165000      330.00000

   Energies (kJ/mol)
           Bond          Angle    Proper Dih. Ryckaert-Bell.          LJ-14
    2.47254e+02    5.57458e+02    2.94205e+01    2.54944e+02    3.93393e+02
     Coulomb-14        LJ (SR)  Disper. corr.   Coulomb (SR)   Coul. recip.
    1.85267e+03    2.02139e+04   -9.33181e+02   -1.34596e+05    6.22373e+02
      Potential    Kinetic En.   Total Energy  Conserved En.    Temperature
   -1.11358e+05    1.79480e+04   -9.34098e+04   -9.30307e+04    2.97232e+02
 Pres. DC (bar) Pressure (bar)   Constr. rmsd
   -2.15956e+02   -3.09152e+02    2.53417e-06

Writing checkpoint, step 169450 at Thu Sep 19 16:46:22 2024


           Step           Time
         170000      340.00000

   Energies (kJ/mol)
           Bond          Angle    Proper Dih. Ryckaert-Bell.          LJ-14
    2.11572e+02    5.80205e+02    3.76459e+01    3.10333e+02    4.12474e+02
     Coulomb-14        LJ (SR)  Disper. corr.   Coulomb (SR)   Coul. recip.
    1.88389e+03    2.14681e+04   -9.42137e+02   -1.36189e+05    6.08772e+02
      Potential    Kinetic En.   Total Energy  Conserved En.    Temperature
   -1.11618e+05    1.79511e+04   -9.36666e+04   -9.30030e+04    2.97284e+02
 Pres. DC (bar) Pressure (bar)   Constr. rmsd
   -2.20116e+02    7.56570e+02    1.76232e-06

           Step           Time
         175000      350.00000

   Energies (kJ/mol)
           Bond          Angle    Proper Dih. Ryckaert-Bell.          LJ-14
    2.34998e+02    5.83042e+02    3.09155e+01    2.61686e+02    3.79880e+02
     Coulomb-14        LJ (SR)  Disper. corr.   Coulomb (SR)   Coul. recip.
    1.85112e+03    2.07049e+04   -9.38798e+02   -1.35220e+05    6.24740e+02
      Potential    Kinetic En.   Total Energy  Conserved En.    Temperature
   -1.11488e+05    1.83034e+04   -9.31843e+04   -9.30009e+04    3.03118e+02
 Pres. DC (bar) Pressure (bar)   Constr. rmsd
   -2.18561e+02    1.66556e+02    3.72170e-06

           Step           Time
         180000      360.00000

   Energies (kJ/mol)
           Bond          Angle    Proper Dih. Ryckaert-Bell.          LJ-14
    2.63572e+02    6.07070e+02    4.12550e+01    2.68968e+02    3.84498e+02
     Coulomb-14        LJ (SR)  Disper. corr.   Coulomb (SR)   Coul. recip.
    1.89154e+03    2.04625e+04   -9.34415e+02   -1.34395e+05    6.32795e+02
      Potential    Kinetic En.   Total Energy  Conserved En.    Temperature
   -1.10778e+05    1.80429e+04   -9.27348e+04   -9.29865e+04    2.98803e+02
 Pres. DC (bar) Pressure (bar)   Constr. rmsd
   -2.16527e+02   -1.74595e+02    1.64387e-06

           Step           Time
         185000      370.00000

   Energies (kJ/mol)
           Bond          Angle    Proper Dih. Ryckaert-Bell.          LJ-14
    1.95302e+02    7.03223e+02    4.70416e+01    2.29324e+02    4.02262e+02
     Coulomb-14        LJ (SR)  Disper. corr.   Coulomb (SR)   Coul. recip.
    1.87700e+03    2.07592e+04   -9.32817e+02   -1.34957e+05    6.13919e+02
      Potential    Kinetic En.   Total Energy  Conserved En.    Temperature
   -1.11063e+05    1.84320e+04   -9.26309e+04   -9.29744e+04    3.05247e+02
 Pres. DC (bar) Pressure (bar)   Constr. rmsd
   -2.15788e+02    2.94160e+02    2.43229e-06

           Step           Time
         190000      380.00000

   Energies (kJ/mol)
           Bond          Angle    Proper Dih. Ryckaert-Bell.          LJ-14
    1.95066e+02    6.79990e+02    3.39502e+01    2.58624e+02    4.00014e+02
     Coulomb-14        LJ (SR)  Disper. corr.   Coulomb (SR)   Coul. recip.
    1.90580e+03    2.04812e+04   -9.43367e+02   -1.35037e+05    6.14169e+02
      Potential    Kinetic En.   Total Energy  Conserved En.    Temperature
   -1.11412e+05    1.80022e+04   -9.34098e+04   -9.29525e+04    2.98129e+02
 Pres. DC (bar) Pressure (bar)   Constr. rmsd
   -2.20691e+02   -2.79008e+01    2.44536e-06

           Step           Time
         195000      390.00000

   Energies (kJ/mol)
           Bond          Angle    Proper Dih. Ryckaert-Bell.          LJ-14
    2.41832e+02    5.82958e+02    3.16873e+01    2.98357e+02    3.87637e+02
     Coulomb-14        LJ (SR)  Disper. corr.   Coulomb (SR)   Coul. recip.
    1.85256e+03    2.08082e+04   -9.38933e+02   -1.35272e+05    5.98276e+02
      Potential    Kinetic En.   Total Energy  Conserved En.    Temperature
   -1.11410e+05    1.78772e+04   -9.35325e+04   -9.29527e+04    2.96059e+02
 Pres. DC (bar) Pressure (bar)   Constr. rmsd
   -2.18624e+02   -1.51310e+01    2.23013e-06

           Step           Time
         200000      400.00000

   Energies (kJ/mol)
           Bond          Angle    Proper Dih. Ryckaert-Bell.          LJ-14
    2.16669e+02    5.65548e+02    2.83903e+01    2.94723e+02    3.85005e+02
     Coulomb-14        LJ (SR)  Disper. corr.   Coulomb (SR)   Coul. recip.
    1.85935e+03    2.05010e+04   -9.37725e+02   -1.35385e+05    6.00988e+02
      Potential    Kinetic En.   Total Energy  Conserved En.    Temperature
   -1.11871e+05    1.80982e+04   -9.37727e+04   -9.29438e+04    2.99720e+02
 Pres. DC (bar) Pressure (bar)   Constr. rmsd
   -2.18062e+02   -1.88048e+02    2.20885e-06

           Step           Time
         205000      410.00000

   Energies (kJ/mol)
           Bond          Angle    Proper Dih. Ryckaert-Bell.          LJ-14
    2.08909e+02    6.23018e+02    3.95350e+01    2.69752e+02    3.87080e+02
     Coulomb-14        LJ (SR)  Disper. corr.   Coulomb (SR)   Coul. recip.
    1.88133e+03    2.04898e+04   -9.26810e+02   -1.35030e+05    6.28384e+02
      Potential    Kinetic En.   Total Energy  Conserved En.    Temperature
   -1.11429e+05    1.77923e+04   -9.36364e+04   -9.29237e+04    2.94654e+02
 Pres. DC (bar) Pressure (bar)   Constr. rmsd
   -2.13021e+02   -3.69858e+02    2.18297e-06

           Step           Time
         210000      420.00000

   Energies (kJ/mol)
           Bond          Angle    Proper Dih. Ryckaert-Bell.          LJ-14
    2.19526e+02    6.15670e+02    3.51925e+01    2.75007e+02    3.79187e+02
     Coulomb-14        LJ (SR)  Disper. corr.   Coulomb (SR)   Coul. recip.
    1.88124e+03    2.03566e+04   -9.29814e+02   -1.34688e+05    6.11622e+02
      Potential    Kinetic En.   Total Energy  Conserved En.    Temperature
   -1.11244e+05    1.81530e+04   -9.30909e+04   -9.29148e+04    3.00627e+02
 Pres. DC (bar) Pressure (bar)   Constr. rmsd
   -2.14403e+02   -5.65333e+02    2.16251e-06

           Step           Time
         215000      430.00000

   Energies (kJ/mol)
           Bond          Angle    Proper Dih. Ryckaert-Bell.          LJ-14
    2.32360e+02    5.53506e+02    3.60863e+01    3.00666e+02    3.94518e+02
     Coulomb-14        LJ (SR)  Disper. corr.   Coulomb (SR)   Coul. recip.
    1.82491e+03    2.08190e+04   -9.34218e+02   -1.34991e+05    6.49481e+02
      Potential    Kinetic En.   Total Energy  Conserved En.    Temperature
   -1.11115e+05    1.78498e+04   -9.32654e+04   -9.28852e+04    2.95605e+02
 Pres. DC (bar) Pressure (bar)   Constr. rmsd
   -2.16436e+02    3.99574e+02    2.21308e-06

           Step           Time
         220000      440.00000

   Energies (kJ/mol)
           Bond          Angle    Proper Dih. Ryckaert-Bell.          LJ-14
    2.29262e+02    6.32515e+02    3.32997e+01    2.73845e+02    3.76305e+02
     Coulomb-14        LJ (SR)  Disper. corr.   Coulomb (SR)   Coul. recip.
    1.86249e+03    2.09420e+04   -9.32331e+02   -1.35668e+05    5.92421e+02
      Potential    Kinetic En.   Total Energy  Conserved En.    Temperature
   -1.11658e+05    1.80966e+04   -9.35617e+04   -9.28812e+04    2.99693e+02
 Pres. DC (bar) Pressure (bar)   Constr. rmsd
   -2.15564e+02   -1.49645e+02    1.69533e-06

           Step           Time
         225000      450.00000

   Energies (kJ/mol)
           Bond          Angle    Proper Dih. Ryckaert-Bell.          LJ-14
    2.40310e+02    6.12169e+02    4.43437e+01    3.13965e+02    3.99547e+02
     Coulomb-14        LJ (SR)  Disper. corr.   Coulomb (SR)   Coul. recip.
    1.89291e+03    2.06486e+04   -9.37787e+02   -1.34758e+05    6.05469e+02
      Potential    Kinetic En.   Total Energy  Conserved En.    Temperature
   -1.10938e+05    1.81958e+04   -9.27423e+04   -9.28667e+04    3.01336e+02
 Pres. DC (bar) Pressure (bar)   Constr. rmsd
   -2.18091e+02    1.38202e+02    2.69023e-06

           Step           Time
         230000      460.00000

   Energies (kJ/mol)
           Bond          Angle    Proper Dih. Ryckaert-Bell.          LJ-14
    2.20462e+02    6.51048e+02    3.04792e+01    2.56674e+02    4.19180e+02
     Coulomb-14        LJ (SR)  Disper. corr.   Coulomb (SR)   Coul. recip.
    1.85789e+03    2.06382e+04   -9.36655e+02   -1.35239e+05    6.02942e+02
      Potential    Kinetic En.   Total Energy  Conserved En.    Temperature
   -1.11499e+05    1.84977e+04   -9.30010e+04   -9.28442e+04    3.06336e+02
 Pres. DC (bar) Pressure (bar)   Constr. rmsd
   -2.17565e+02    2.88989e+02    2.62520e-06

           Step           Time
         235000      470.00000

   Energies (kJ/mol)
           Bond          Angle    Proper Dih. Ryckaert-Bell.          LJ-14
    2.22104e+02    6.26150e+02    3.73224e+01    2.85719e+02    3.85192e+02
     Coulomb-14        LJ (SR)  Disper. corr.   Coulomb (SR)   Coul. recip.
    1.87637e+03    2.02142e+04   -9.39627e+02   -1.34658e+05    5.65889e+02
      Potential    Kinetic En.   Total Energy  Conserved En.    Temperature
   -1.11384e+05    1.79257e+04   -9.34587e+04   -9.28313e+04    2.96863e+02
 Pres. DC (bar) Pressure (bar)   Constr. rmsd
   -2.18947e+02   -2.14636e+02    2.51885e-06

           Step           Time
         240000      480.00000

   Energies (kJ/mol)
           Bond          Angle    Proper Dih. Ryckaert-Bell.          LJ-14
    2.12847e+02    5.94799e+02    5.29678e+01    3.30730e+02    3.87702e+02
     Coulomb-14        LJ (SR)  Disper. corr.   Coulomb (SR)   Coul. recip.
    1.88080e+03    2.05619e+04   -9.41301e+02   -1.35366e+05    6.11272e+02
      Potential    Kinetic En.   Total Energy  Conserved En.    Temperature
   -1.11674e+05    1.77754e+04   -9.38988e+04   -9.28172e+04    2.94374e+02
 Pres. DC (bar) Pressure (bar)   Constr. rmsd
   -2.19726e+02   -2.76115e+02    1.97630e-06

           Step           Time
         245000      490.00000

   Energies (kJ/mol)
           Bond          Angle    Proper Dih. Ryckaert-Bell.          LJ-14
    2.41731e+02    6.07541e+02    2.73575e+01    3.10136e+02    3.99838e+02
     Coulomb-14        LJ (SR)  Disper. corr.   Coulomb (SR)   Coul. recip.
    1.86565e+03    2.06299e+04   -9.48794e+02   -1.35239e+05    5.79106e+02
      Potential    Kinetic En.   Total Energy  Conserved En.    Temperature
   -1.11527e+05    1.80959e+04   -9.34308e+04   -9.28069e+04    2.99681e+02
 Pres. DC (bar) Pressure (bar)   Constr. rmsd
   -2.23234e+02    2.30278e+02    2.63679e-06

           Step           Time
         250000      500.00000

   Energies (kJ/mol)
           Bond          Angle    Proper Dih. Ryckaert-Bell.          LJ-14
    2.00247e+02    5.78635e+02    2.48928e+01    2.88168e+02    3.97559e+02
     Coulomb-14        LJ (SR)  Disper. corr.   Coulomb (SR)   Coul. recip.
    1.87054e+03    2.07845e+04   -9.42596e+02   -1.35734e+05    5.79494e+02
      Potential    Kinetic En.   Total Energy  Conserved En.    Temperature
   -1.11953e+05    1.82524e+04   -9.37004e+04   -9.27915e+04    3.02274e+02
 Pres. DC (bar) Pressure (bar)   Constr. rmsd
   -2.20331e+02   -5.99583e+01    2.71363e-06

           Step           Time
         255000      510.00000

   Energies (kJ/mol)
           Bond          Angle    Proper Dih. Ryckaert-Bell.          LJ-14
    1.82316e+02    6.26293e+02    3.58905e+01    2.94597e+02    3.85969e+02
     Coulomb-14        LJ (SR)  Disper. corr.   Coulomb (SR)   Coul. recip.
    1.84752e+03    2.12565e+04   -9.36757e+02   -1.35856e+05    5.89608e+02
      Potential    Kinetic En.   Total Energy  Conserved En.    Temperature
   -1.11574e+05    1.79900e+04   -9.35840e+04   -9.27692e+04    2.97927e+02
 Pres. DC (bar) Pressure (bar)   Constr. rmsd
   -2.17613e+02    3.95524e+02    2.17661e-06

           Step           Time
         260000      520.00000

   Energies (kJ/mol)
           Bond          Angle    Proper Dih. Ryckaert-Bell.          LJ-14
    2.44315e+02    5.90291e+02    2.46720e+01    2.70393e+02    3.83282e+02
     Coulomb-14        LJ (SR)  Disper. corr.   Coulomb (SR)   Coul. recip.
    1.85194e+03    2.04719e+04   -9.38628e+02   -1.34121e+05    6.26861e+02
      Potential    Kinetic En.   Total Energy  Conserved En.    Temperature
   -1.10596e+05    1.80495e+04   -9.25468e+04   -9.27445e+04    2.98914e+02
 Pres. DC (bar) Pressure (bar)   Constr. rmsd
   -2.18482e+02    9.32320e+01    2.74173e-06

           Step           Time
         265000      530.00000

   Energies (kJ/mol)
           Bond          Angle    Proper Dih. Ryckaert-Bell.          LJ-14
    2.43330e+02    5.78714e+02    2.77245e+01    2.77622e+02    3.95913e+02
     Coulomb-14        LJ (SR)  Disper. corr.   Coulomb (SR)   Coul. recip.
    1.87664e+03    2.07979e+04   -9.29610e+02   -1.35857e+05    5.89447e+02
      Potential    Kinetic En.   Total Energy  Conserved En.    Temperature
   -1.11999e+05    1.79819e+04   -9.40170e+04   -9.27361e+04    2.97794e+02
 Pres. DC (bar) Pressure (bar)   Constr. rmsd
   -2.14309e+02   -2.17097e+02    2.62635e-06

           Step           Time
         270000      540.00000

   Energies (kJ/mol)
           Bond          Angle    Proper Dih. Ryckaert-Bell.          LJ-14
    2.07386e+02    5.53198e+02    2.35752e+01    2.84899e+02    3.89605e+02
     Coulomb-14        LJ (SR)  Disper. corr.   Coulomb (SR)   Coul. recip.
    1.86106e+03    2.03907e+04   -9.38929e+02   -1.35381e+05    6.38804e+02
      Potential    Kinetic En.   Total Energy  Conserved En.    Temperature
   -1.11970e+05    1.80710e+04   -9.38993e+04   -9.27204e+04    2.99270e+02
 Pres. DC (bar) Pressure (bar)   Constr. rmsd
   -2.18622e+02   -2.37317e+02    1.96736e-06

           Step           Time
         275000      550.00000

   Energies (kJ/mol)
           Bond          Angle    Proper Dih. Ryckaert-Bell.          LJ-14
    1.89257e+02    6.08534e+02    3.30115e+01    2.97146e+02    4.00665e+02
     Coulomb-14        LJ (SR)  Disper. corr.   Coulomb (SR)   Coul. recip.
    1.89014e+03    2.08750e+04   -9.34840e+02   -1.35557e+05    5.58193e+02
      Potential    Kinetic En.   Total Energy  Conserved En.    Temperature
   -1.11640e+05    1.78693e+04   -9.37710e+04   -9.27028e+04    2.95928e+02
 Pres. DC (bar) Pressure (bar)   Constr. rmsd
   -2.16724e+02    2.31143e+02    1.80965e-06

           Step           Time
         280000      560.00000

   Energies (kJ/mol)
           Bond          Angle    Proper Dih. Ryckaert-Bell.          LJ-14
    2.20094e+02    5.77635e+02    2.33104e+01    2.39602e+02    4.16933e+02
     Coulomb-14        LJ (SR)  Disper. corr.   Coulomb (SR)   Coul. recip.
    1.88397e+03    2.07720e+04   -9.35606e+02   -1.35451e+05    5.97006e+02
      Potential    Kinetic En.   Total Energy  Conserved En.    Temperature
   -1.11656e+05    1.81415e+04   -9.35142e+04   -9.26766e+04    3.00437e+02
 Pres. DC (bar) Pressure (bar)   Constr. rmsd
   -2.17079e+02    1.02979e+02    3.13976e-06

           Step           Time
         285000      570.00000

   Energies (kJ/mol)
           Bond          Angle    Proper Dih. Ryckaert-Bell.          LJ-14
    2.08920e+02    5.91949e+02    3.12958e+01    2.97249e+02    4.17881e+02
     Coulomb-14        LJ (SR)  Disper. corr.   Coulomb (SR)   Coul. recip.
    1.88067e+03    2.11859e+04   -9.48279e+02   -1.36342e+05    5.97876e+02
      Potential    Kinetic En.   Total Energy  Conserved En.    Temperature
   -1.12079e+05    1.83094e+04   -9.37693e+04   -9.26642e+04    3.03218e+02
 Pres. DC (bar) Pressure (bar)   Constr. rmsd
   -2.22992e+02    6.13164e+02    2.95502e-06

           Step           Time
         290000      580.00000

   Energies (kJ/mol)
           Bond          Angle    Proper Dih. Ryckaert-Bell.          LJ-14
    1.80830e+02    5.83796e+02    3.97861e+01    2.61017e+02    3.95381e+02
     Coulomb-14        LJ (SR)  Disper. corr.   Coulomb (SR)   Coul. recip.
    1.87853e+03    2.02803e+04   -9.41598e+02   -1.34705e+05    5.94570e+02
      Potential    Kinetic En.   Total Energy  Conserved En.    Temperature
   -1.11432e+05    1.79001e+04   -9.35323e+04   -9.26499e+04    2.96439e+02
 Pres. DC (bar) Pressure (bar)   Constr. rmsd
   -2.19865e+02   -1.22777e+02    2.32328e-06

           Step           Time
         295000      590.00000

   Energies (kJ/mol)
           Bond          Angle    Proper Dih. Ryckaert-Bell.          LJ-14
    2.34581e+02    6.93597e+02    4.02523e+01    2.82416e+02    4.14630e+02
     Coulomb-14        LJ (SR)  Disper. corr.   Coulomb (SR)   Coul. recip.
    1.90039e+03    2.05498e+04   -9.38954e+02   -1.35023e+05    6.16139e+02
      Potential    Kinetic En.   Total Energy  Conserved En.    Temperature
   -1.11231e+05    1.81171e+04   -9.31135e+04   -9.26239e+04    3.00032e+02
 Pres. DC (bar) Pressure (bar)   Constr. rmsd
   -2.18633e+02   -3.86546e+01    2.83399e-06

           Step           Time
         300000      600.00000

   Energies (kJ/mol)
           Bond          Angle    Proper Dih. Ryckaert-Bell.          LJ-14
    2.33607e+02    5.68159e+02    2.69096e+01    3.09986e+02    3.86840e+02
     Coulomb-14        LJ (SR)  Disper. corr.   Coulomb (SR)   Coul. recip.
    1.91668e+03    2.03226e+04   -9.40501e+02   -1.35062e+05    6.10996e+02
      Potential    Kinetic En.   Total Energy  Conserved En.    Temperature
   -1.11627e+05    1.79747e+04   -9.36522e+04   -9.26156e+04    2.97675e+02
 Pres. DC (bar) Pressure (bar)   Constr. rmsd
   -2.19354e+02   -4.03601e+02    3.32478e-06

           Step           Time
         305000      610.00000

   Energies (kJ/mol)
           Bond          Angle    Proper Dih. Ryckaert-Bell.          LJ-14
    1.80279e+02    6.09323e+02    4.01022e+01    3.05802e+02    3.91037e+02
     Coulomb-14        LJ (SR)  Disper. corr.   Coulomb (SR)   Coul. recip.
    1.89693e+03    2.03414e+04   -9.33477e+02   -1.35032e+05    6.22415e+02
      Potential    Kinetic En.   Total Energy  Conserved En.    Temperature
   -1.11578e+05    1.82297e+04   -9.33487e+04   -9.25968e+04    3.01897e+02
 Pres. DC (bar) Pressure (bar)   Constr. rmsd
   -2.16093e+02   -1.17731e+02    2.80351e-06

           Step           Time
         310000      620.00000

   Energies (kJ/mol)
           Bond          Angle    Proper Dih. Ryckaert-Bell.          LJ-14
    2.35831e+02    6.66974e+02    3.74452e+01    2.87378e+02    4.34113e+02
     Coulomb-14        LJ (SR)  Disper. corr.   Coulomb (SR)   Coul. recip.
    1.85467e+03    2.02294e+04   -9.41350e+02   -1.34427e+05    5.96830e+02
      Potential    Kinetic En.   Total Energy  Conserved En.    Temperature
   -1.11026e+05    1.82612e+04   -9.27649e+04   -9.25814e+04    3.02419e+02
 Pres. DC (bar) Pressure (bar)   Constr. rmsd
   -2.19749e+02    9.85662e+01    2.42118e-06

           Step           Time
         315000      630.00000

   Energies (kJ/mol)
           Bond          Angle    Proper Dih. Ryckaert-Bell.          LJ-14
    2.21753e+02    6.23912e+02    3.28130e+01    2.63010e+02    3.70242e+02
     Coulomb-14        LJ (SR)  Disper. corr.   Coulomb (SR)   Coul. recip.
    1.84521e+03    2.05704e+04   -9.47023e+02   -1.35211e+05    5.68259e+02
      Potential    Kinetic En.   Total Energy  Conserved En.    Temperature
   -1.11662e+05    1.81528e+04   -9.35093e+04   -9.25656e+04    3.00624e+02
 Pres. DC (bar) Pressure (bar)   Constr. rmsd
   -2.22403e+02    5.66221e+01    2.02516e-06

           Step           Time
         320000      640.00000

   Energies (kJ/mol)
           Bond          Angle    Proper Dih. Ryckaert-Bell.          LJ-14
    1.85772e+02    5.87408e+02    4.23820e+01    2.95023e+02    4.02836e+02
     Coulomb-14        LJ (SR)  Disper. corr.   Coulomb (SR)   Coul. recip.
    1.90723e+03    2.03836e+04   -9.45601e+02   -1.34669e+05    6.28230e+02
      Potential    Kinetic En.   Total Energy  Conserved En.    Temperature
   -1.11182e+05    1.81381e+04   -9.30440e+04   -9.25459e+04    3.00381e+02
 Pres. DC (bar) Pressure (bar)   Constr. rmsd
   -2.21736e+02    5.83782e+01    2.10948e-06

           Step           Time
         325000      650.00000

   Energies (kJ/mol)
           Bond          Angle    Proper Dih. Ryckaert-Bell.          LJ-14
    2.08051e+02    6.07287e+02    2.65531e+01    2.95621e+02    3.94711e+02
     Coulomb-14        LJ (SR)  Disper. corr.   Coulomb (SR)   Coul. recip.
    1.88669e+03    2.03089e+04   -9.29052e+02   -1.34832e+05    6.34195e+02
      Potential    Kinetic En.   Total Energy  Conserved En.    Temperature
   -1.11399e+05    1.83318e+04   -9.30672e+04   -9.25347e+04    3.03588e+02
 Pres. DC (bar) Pressure (bar)   Constr. rmsd
   -2.14052e+02   -2.32530e+02    2.38049e-06

           Step           Time
         330000      660.00000

   Energies (kJ/mol)
           Bond          Angle    Proper Dih. Ryckaert-Bell.          LJ-14
    2.69880e+02    5.65210e+02    2.44840e+01    2.83735e+02    3.97980e+02
     Coulomb-14        LJ (SR)  Disper. corr.   Coulomb (SR)   Coul. recip.
    1.85450e+03    2.07268e+04   -9.32703e+02   -1.35721e+05    6.07964e+02
      Potential    Kinetic En.   Total Energy  Conserved En.    Temperature
   -1.11923e+05    1.82619e+04   -9.36613e+04   -9.24928e+04    3.02430e+02
 Pres. DC (bar) Pressure (bar)   Constr. rmsd
   -2.15735e+02   -1.83741e+02    1.96377e-06

           Step           Time
         335000      670.00000

   Energies (kJ/mol)
           Bond          Angle    Proper Dih. Ryckaert-Bell.          LJ-14
    1.82201e+02    5.78608e+02    3.11004e+01    2.80823e+02    4.26244e+02
     Coulomb-14        LJ (SR)  Disper. corr.   Coulomb (SR)   Coul. recip.
    1.91949e+03    2.09424e+04   -9.35367e+02   -1.35594e+05    6.27590e+02
      Potential    Kinetic En.   Total Energy  Conserved En.    Temperature
   -1.11541e+05    1.80484e+04   -9.34923e+04   -9.24898e+04    2.98895e+02
 Pres. DC (bar) Pressure (bar)   Constr. rmsd
   -2.16968e+02    4.14986e+02    2.19966e-06

Writing checkpoint, step 339700 at Thu Sep 19 17:01:22 2024


           Step           Time
         340000      680.00000

   Energies (kJ/mol)
           Bond          Angle    Proper Dih. Ryckaert-Bell.          LJ-14
    2.73404e+02    5.89961e+02    3.21739e+01    2.74859e+02    3.89591e+02
     Coulomb-14        LJ (SR)  Disper. corr.   Coulomb (SR)   Coul. recip.
    1.85530e+03    1.94231e+04   -9.29474e+02   -1.33986e+05    5.98825e+02
      Potential    Kinetic En.   Total Energy  Conserved En.    Temperature
   -1.11478e+05    1.82111e+04   -9.32669e+04   -9.24717e+04    3.01589e+02
 Pres. DC (bar) Pressure (bar)   Constr. rmsd
   -2.14246e+02   -1.20300e+03    2.10248e-06

           Step           Time
         345000      690.00000

   Energies (kJ/mol)
           Bond          Angle    Proper Dih. Ryckaert-Bell.          LJ-14
    2.15734e+02    6.11106e+02    2.39225e+01    2.96948e+02    3.66112e+02
     Coulomb-14        LJ (SR)  Disper. corr.   Coulomb (SR)   Coul. recip.
    1.86072e+03    2.08271e+04   -9.43276e+02   -1.35328e+05    5.94274e+02
      Potential    Kinetic En.   Total Energy  Conserved En.    Temperature
   -1.11476e+05    1.80760e+04   -9.33999e+04   -9.24663e+04    2.99352e+02
 Pres. DC (bar) Pressure (bar)   Constr. rmsd
   -2.20648e+02    1.03644e+02    1.81494e-06

           Step           Time
         350000      700.00000

   Energies (kJ/mol)
           Bond          Angle    Proper Dih. Ryckaert-Bell.          LJ-14
    2.04083e+02    5.80880e+02    3.93073e+01    2.83606e+02    3.65719e+02
     Coulomb-14        LJ (SR)  Disper. corr.   Coulomb (SR)   Coul. recip.
    1.83766e+03    2.03075e+04   -9.27448e+02   -1.34866e+05    6.03636e+02
      Potential    Kinetic En.   Total Energy  Conserved En.    Temperature
   -1.11571e+05    1.79735e+04   -9.35980e+04   -9.24605e+04    2.97655e+02
 Pres. DC (bar) Pressure (bar)   Constr. rmsd
   -2.13314e+02   -5.49422e+02    1.99937e-06

           Step           Time
         355000      710.00000

   Energies (kJ/mol)
           Bond          Angle    Proper Dih. Ryckaert-Bell.          LJ-14
    1.79144e+02    5.71345e+02    3.17846e+01    2.50396e+02    4.08213e+02
     Coulomb-14        LJ (SR)  Disper. corr.   Coulomb (SR)   Coul. recip.
    1.88889e+03    2.07458e+04   -9.45291e+02   -1.36058e+05    6.06290e+02
      Potential    Kinetic En.   Total Energy  Conserved En.    Temperature
   -1.12322e+05    1.82025e+04   -9.41192e+04   -9.24459e+04    3.01446e+02
 Pres. DC (bar) Pressure (bar)   Constr. rmsd
   -2.21591e+02    1.06305e+02    1.95748e-06

           Step           Time
         360000      720.00000

   Energies (kJ/mol)
           Bond          Angle    Proper Dih. Ryckaert-Bell.          LJ-14
    2.44775e+02    5.89258e+02    2.70700e+01    2.71679e+02    3.75503e+02
     Coulomb-14        LJ (SR)  Disper. corr.   Coulomb (SR)   Coul. recip.
    1.83444e+03    2.07571e+04   -9.40663e+02   -1.35018e+05    6.42351e+02
      Potential    Kinetic En.   Total Energy  Conserved En.    Temperature
   -1.11217e+05    1.83695e+04   -9.28471e+04   -9.24143e+04    3.04212e+02
 Pres. DC (bar) Pressure (bar)   Constr. rmsd
   -2.19429e+02    1.33561e+02    2.74122e-06

           Step           Time
         365000      730.00000

   Energies (kJ/mol)
           Bond          Angle    Proper Dih. Ryckaert-Bell.          LJ-14
    2.08548e+02    6.10619e+02    3.15180e+01    2.70860e+02    3.82814e+02
     Coulomb-14        LJ (SR)  Disper. corr.   Coulomb (SR)   Coul. recip.
    1.85888e+03    2.05200e+04   -9.40349e+02   -1.35175e+05    6.02099e+02
      Potential    Kinetic En.   Total Energy  Conserved En.    Temperature
   -1.11630e+05    1.82077e+04   -9.34223e+04   -9.24053e+04    3.01534e+02
 Pres. DC (bar) Pressure (bar)   Constr. rmsd
   -2.19283e+02   -1.80616e+02    3.13335e-06

           Step           Time
         370000      740.00000

   Energies (kJ/mol)
           Bond          Angle    Proper Dih. Ryckaert-Bell.          LJ-14
    2.44529e+02    6.32812e+02    3.88921e+01    2.40835e+02    3.66527e+02
     Coulomb-14        LJ (SR)  Disper. corr.   Coulomb (SR)   Coul. recip.
    1.83335e+03    2.05006e+04   -9.36518e+02   -1.34620e+05    6.34161e+02
      Potential    Kinetic En.   Total Energy  Conserved En.    Temperature
   -1.11065e+05    1.82314e+04   -9.28334e+04   -9.23901e+04    3.01925e+02
 Pres. DC (bar) Pressure (bar)   Constr. rmsd
   -2.17502e+02   -5.17458e+01    2.27302e-06

           Step           Time
         375000      750.00000

   Energies (kJ/mol)
           Bond          Angle    Proper Dih. Ryckaert-Bell.          LJ-14
    2.45740e+02    6.16849e+02    3.80823e+01    2.47895e+02    4.22483e+02
     Coulomb-14        LJ (SR)  Disper. corr.   Coulomb (SR)   Coul. recip.
    1.83039e+03    2.06835e+04   -9.43887e+02   -1.35182e+05    6.07352e+02
      Potential    Kinetic En.   Total Energy  Conserved En.    Temperature
   -1.11433e+05    1.85074e+04   -9.29260e+04   -9.23692e+04    3.06496e+02
 Pres. DC (bar) Pressure (bar)   Constr. rmsd
   -2.20934e+02    2.16948e+02    2.50899e-06

           Step           Time
         380000      760.00000

   Energies (kJ/mol)
           Bond          Angle    Proper Dih. Ryckaert-Bell.          LJ-14
    2.10025e+02    6.00071e+02    2.68703e+01    2.36995e+02    3.95781e+02
     Coulomb-14        LJ (SR)  Disper. corr.   Coulomb (SR)   Coul. recip.
    1.86149e+03    2.03030e+04   -9.41262e+02   -1.34623e+05    5.56985e+02
      Potential    Kinetic En.   Total Energy  Conserved En.    Temperature
   -1.11373e+05    1.80598e+04   -9.33129e+04   -9.23636e+04    2.99083e+02
 Pres. DC (bar) Pressure (bar)   Constr. rmsd
   -2.19708e+02   -1.62122e+02    2.99832e-06

           Step           Time
         385000      770.00000

   Energies (kJ/mol)
           Bond          Angle    Proper Dih. Ryckaert-Bell.          LJ-14
    2.26701e+02    6.02043e+02    2.80280e+01    2.67124e+02    3.82204e+02
     Coulomb-14        LJ (SR)  Disper. corr.   Coulomb (SR)   Coul. recip.
    1.83728e+03    2.02246e+04   -9.29635e+02   -1.34537e+05    5.98908e+02
      Potential    Kinetic En.   Total Energy  Conserved En.    Temperature
   -1.11300e+05    1.82087e+04   -9.30909e+04   -9.23646e+04    3.01550e+02
 Pres. DC (bar) Pressure (bar)   Constr. rmsd
   -2.14320e+02   -5.61276e+02    2.14621e-06

           Step           Time
         390000      780.00000

   Energies (kJ/mol)
           Bond          Angle    Proper Dih. Ryckaert-Bell.          LJ-14
    1.89336e+02    6.14788e+02    3.21413e+01    2.51814e+02    3.83151e+02
     Coulomb-14        LJ (SR)  Disper. corr.   Coulomb (SR)   Coul. recip.
    1.86202e+03    2.06345e+04   -9.43804e+02   -1.35603e+05    6.02440e+02
      Potential    Kinetic En.   Total Energy  Conserved En.    Temperature
   -1.11976e+05    1.83171e+04   -9.36592e+04   -9.23618e+04    3.03344e+02
 Pres. DC (bar) Pressure (bar)   Constr. rmsd
   -2.20895e+02    6.93429e+01    2.01680e-06

           Step           Time
         395000      790.00000

   Energies (kJ/mol)
           Bond          Angle    Proper Dih. Ryckaert-Bell.          LJ-14
    2.07797e+02    5.63913e+02    3.32366e+01    2.62185e+02    3.67236e+02
     Coulomb-14        LJ (SR)  Disper. corr.   Coulomb (SR)   Coul. recip.
    1.84560e+03    2.06368e+04   -9.34813e+02   -1.35057e+05    6.22862e+02
      Potential    Kinetic En.   Total Energy  Conserved En.    Temperature
   -1.11452e+05    1.80224e+04   -9.34299e+04   -9.23431e+04    2.98465e+02
 Pres. DC (bar) Pressure (bar)   Constr. rmsd
   -2.16711e+02   -1.63334e+02    2.58543e-06

           Step           Time
         400000      800.00000

   Energies (kJ/mol)
           Bond          Angle    Proper Dih. Ryckaert-Bell.          LJ-14
    1.94788e+02    5.95547e+02    2.65405e+01    2.46779e+02    3.92880e+02
     Coulomb-14        LJ (SR)  Disper. corr.   Coulomb (SR)   Coul. recip.
    1.82837e+03    2.09574e+04   -9.47139e+02   -1.35624e+05    6.38305e+02
      Potential    Kinetic En.   Total Energy  Conserved En.    Temperature
   -1.11690e+05    1.80566e+04   -9.36338e+04   -9.23370e+04    2.99030e+02
 Pres. DC (bar) Pressure (bar)   Constr. rmsd
   -2.22457e+02    4.17599e+02    2.96029e-06

           Step           Time
         405000      810.00000

   Energies (kJ/mol)
           Bond          Angle    Proper Dih. Ryckaert-Bell.          LJ-14
    1.88697e+02    6.05186e+02    4.52924e+01    2.66914e+02    3.85285e+02
     Coulomb-14        LJ (SR)  Disper. corr.   Coulomb (SR)   Coul. recip.
    1.83782e+03    2.04570e+04   -9.33602e+02   -1.34732e+05    6.46727e+02
      Potential    Kinetic En.   Total Energy  Conserved En.    Temperature
   -1.11232e+05    1.80244e+04   -9.32079e+04   -9.23336e+04    2.98497e+02
 Pres. DC (bar) Pressure (bar)   Constr. rmsd
   -2.16151e+02   -7.27920e+01    1.88367e-06

           Step           Time
         410000      820.00000

   Energies (kJ/mol)
           Bond          Angle    Proper Dih. Ryckaert-Bell.          LJ-14
    2.46694e+02    6.12641e+02    4.36363e+01    2.58634e+02    3.67215e+02
     Coulomb-14        LJ (SR)  Disper. corr.   Coulomb (SR)   Coul. recip.
    1.86053e+03    1.98495e+04   -9.36795e+02   -1.34274e+05    5.79768e+02
      Potential    Kinetic En.   Total Energy  Conserved En.    Temperature
   -1.11393e+05    1.82534e+04   -9.31393e+04   -9.23193e+04    3.02290e+02
 Pres. DC (bar) Pressure (bar)   Constr. rmsd
   -2.17630e+02   -8.05361e+02    3.57742e-06

           Step           Time
         415000      830.00000

   Energies (kJ/mol)
           Bond          Angle    Proper Dih. Ryckaert-Bell.          LJ-14
    2.30755e+02    5.87487e+02    3.96703e+01    2.77845e+02    3.63442e+02
     Coulomb-14        LJ (SR)  Disper. corr.   Coulomb (SR)   Coul. recip.
    1.84330e+03    2.04397e+04   -9.33002e+02   -1.34557e+05    6.12721e+02
      Potential    Kinetic En.   Total Energy  Conserved En.    Temperature
   -1.11095e+05    1.80040e+04   -9.30908e+04   -9.22908e+04    2.98160e+02
 Pres. DC (bar) Pressure (bar)   Constr. rmsd
   -2.15874e+02   -1.38060e+02    2.48825e-06

           Step           Time
         420000      840.00000

   Energies (kJ/mol)
           Bond          Angle    Proper Dih. Ryckaert-Bell.          LJ-14
    2.40854e+02    5.80138e+02    4.12582e+01    2.86676e+02    3.72061e+02
     Coulomb-14        LJ (SR)  Disper. corr.   Coulomb (SR)   Coul. recip.
    1.87092e+03    2.02465e+04   -9.36192e+02   -1.34782e+05    5.95859e+02
      Potential    Kinetic En.   Total Energy  Conserved En.    Temperature
   -1.11484e+05    1.79959e+04   -9.34884e+04   -9.22803e+04    2.98025e+02
 Pres. DC (bar) Pressure (bar)   Constr. rmsd
   -2.17350e+02   -4.34909e+02    1.82648e-06

           Step           Time
         425000      850.00000

   Energies (kJ/mol)
           Bond          Angle    Proper Dih. Ryckaert-Bell.          LJ-14
    2.15599e+02    5.83313e+02    2.96628e+01    2.48353e+02    3.90974e+02
     Coulomb-14        LJ (SR)  Disper. corr.   Coulomb (SR)   Coul. recip.
    1.82465e+03    2.06264e+04   -9.48923e+02   -1.35405e+05    6.06596e+02
      Potential    Kinetic En.   Total Energy  Conserved En.    Temperature
   -1.11828e+05    1.81234e+04   -9.37045e+04   -9.22530e+04    3.00136e+02
 Pres. DC (bar) Pressure (bar)   Constr. rmsd
   -2.23295e+02    2.57731e+02    2.09783e-06

           Step           Time
         430000      860.00000

   Energies (kJ/mol)
           Bond          Angle    Proper Dih. Ryckaert-Bell.          LJ-14
    2.08794e+02    6.79241e+02    3.62780e+01    2.22185e+02    3.71348e+02
     Coulomb-14        LJ (SR)  Disper. corr.   Coulomb (SR)   Coul. recip.
    1.83151e+03    2.05340e+04   -9.33677e+02   -1.34966e+05    6.25860e+02
      Potential    Kinetic En.   Total Energy  Conserved En.    Temperature
   -1.11391e+05    1.83141e+04   -9.30765e+04   -9.22213e+04    3.03294e+02
 Pres. DC (bar) Pressure (bar)   Constr. rmsd
   -2.16186e+02   -1.41648e+02    2.47273e-06

           Step           Time
         435000      870.00000

   Energies (kJ/mol)
           Bond          Angle    Proper Dih. Ryckaert-Bell.          LJ-14
    1.91820e+02    6.07602e+02    2.76315e+01    2.27029e+02    3.99340e+02
     Coulomb-14        LJ (SR)  Disper. corr.   Coulomb (SR)   Coul. recip.
    1.79183e+03    2.09346e+04   -9.39509e+02   -1.35018e+05    5.84341e+02
      Potential    Kinetic En.   Total Energy  Conserved En.    Temperature
   -1.11193e+05    1.83491e+04   -9.28440e+04   -9.22098e+04    3.03874e+02
 Pres. DC (bar) Pressure (bar)   Constr. rmsd
   -2.18892e+02    4.78979e+02    1.83221e-06

           Step           Time
         440000      880.00000

   Energies (kJ/mol)
           Bond          Angle    Proper Dih. Ryckaert-Bell.          LJ-14
    2.23123e+02    6.73388e+02    2.81003e+01    2.09448e+02    3.75882e+02
     Coulomb-14        LJ (SR)  Disper. corr.   Coulomb (SR)   Coul. recip.
    1.80636e+03    2.05663e+04   -9.39492e+02   -1.34682e+05    6.44020e+02
      Potential    Kinetic En.   Total Energy  Conserved En.    Temperature
   -1.11094e+05    1.80983e+04   -9.29961e+04   -9.21951e+04    2.99722e+02
 Pres. DC (bar) Pressure (bar)   Constr. rmsd
   -2.18884e+02    4.32635e+01    2.89775e-06

           Step           Time
         445000      890.00000

   Energies (kJ/mol)
           Bond          Angle    Proper Dih. Ryckaert-Bell.          LJ-14
    2.07199e+02    6.25591e+02    4.41768e+01    2.45844e+02    4.01072e+02
     Coulomb-14        LJ (SR)  Disper. corr.   Coulomb (SR)   Coul. recip.
    1.84223e+03    2.10936e+04   -9.35401e+02   -1.35076e+05    6.28152e+02
      Potential    Kinetic En.   Total Energy  Conserved En.    Temperature
   -1.10923e+05    1.85314e+04   -9.23921e+04   -9.21798e+04    3.06894e+02
 Pres. DC (bar) Pressure (bar)   Constr. rmsd
   -2.16984e+02    5.46741e+02    3.45345e-06

           Step           Time
         450000      900.00000

   Energies (kJ/mol)
           Bond          Angle    Proper Dih. Ryckaert-Bell.          LJ-14
    2.11776e+02    6.06199e+02    4.85188e+01    2.45785e+02    3.92978e+02
     Coulomb-14        LJ (SR)  Disper. corr.   Coulomb (SR)   Coul. recip.
    1.82727e+03    1.98124e+04   -9.43420e+02   -1.34265e+05    6.12356e+02
      Potential    Kinetic En.   Total Energy  Conserved En.    Temperature
   -1.11451e+05    1.82607e+04   -9.31904e+04   -9.21652e+04    3.02410e+02
 Pres. DC (bar) Pressure (bar)   Constr. rmsd
   -2.20716e+02   -4.99130e+02    3.54164e-06

           Step           Time
         455000      910.00000

   Energies (kJ/mol)
           Bond          Angle    Proper Dih. Ryckaert-Bell.          LJ-14
    1.74763e+02    6.03614e+02    2.84658e+01    1.96741e+02    4.09902e+02
     Coulomb-14        LJ (SR)  Disper. corr.   Coulomb (SR)   Coul. recip.
    1.87002e+03    2.05741e+04   -9.38230e+02   -1.34993e+05    6.21073e+02
      Potential    Kinetic En.   Total Energy  Conserved En.    Temperature
   -1.11453e+05    1.78026e+04   -9.36499e+04   -9.21438e+04    2.94825e+02
 Pres. DC (bar) Pressure (bar)   Constr. rmsd
   -2.18297e+02    2.87760e+02    2.81867e-06

           Step           Time
         460000      920.00000

   Energies (kJ/mol)
           Bond          Angle    Proper Dih. Ryckaert-Bell.          LJ-14
    2.25799e+02    5.78401e+02    3.57939e+01    2.76413e+02    3.97302e+02
     Coulomb-14        LJ (SR)  Disper. corr.   Coulomb (SR)   Coul. recip.
    1.89256e+03    1.99258e+04   -9.38535e+02   -1.34324e+05    6.10691e+02
      Potential    Kinetic En.   Total Energy  Conserved En.    Temperature
   -1.11320e+05    1.78376e+04   -9.34826e+04   -9.21296e+04    2.95404e+02
 Pres. DC (bar) Pressure (bar)   Constr. rmsd
   -2.18438e+02   -5.16295e+02    2.01741e-06

           Step           Time
         465000      930.00000

   Energies (kJ/mol)
           Bond          Angle    Proper Dih. Ryckaert-Bell.          LJ-14
    2.51620e+02    6.28743e+02    4.14527e+01    2.51803e+02    3.90852e+02
     Coulomb-14        LJ (SR)  Disper. corr.   Coulomb (SR)   Coul. recip.
    1.84230e+03    2.02000e+04   -9.46444e+02   -1.34409e+05    6.43252e+02
      Potential    Kinetic En.   Total Energy  Conserved En.    Temperature
   -1.11105e+05    1.80298e+04   -9.30757e+04   -9.21083e+04    2.98586e+02
 Pres. DC (bar) Pressure (bar)   Constr. rmsd
   -2.22131e+02    1.45354e+02    2.39765e-06

           Step           Time
         470000      940.00000

   Energies (kJ/mol)
           Bond          Angle    Proper Dih. Ryckaert-Bell.          LJ-14
    2.25998e+02    5.49235e+02    3.19273e+01    2.46292e+02    4.11895e+02
     Coulomb-14        LJ (SR)  Disper. corr.   Coulomb (SR)   Coul. recip.
    1.88548e+03    2.09746e+04   -9.35091e+02   -1.35626e+05    6.03537e+02
      Potential    Kinetic En.   Total Energy  Conserved En.    Temperature
   -1.11632e+05    1.81485e+04   -9.34833e+04   -9.21041e+04    3.00553e+02
 Pres. DC (bar) Pressure (bar)   Constr. rmsd
   -2.16840e+02    1.56999e+02    2.91315e-06

           Step           Time
         475000      950.00000

   Energies (kJ/mol)
           Bond          Angle    Proper Dih. Ryckaert-Bell.          LJ-14
    1.91369e+02    6.03236e+02    4.51996e+01    2.31320e+02    4.02552e+02
     Coulomb-14        LJ (SR)  Disper. corr.   Coulomb (SR)   Coul. recip.
    1.84878e+03    2.06436e+04   -9.47351e+02   -1.35259e+05    6.02614e+02
      Potential    Kinetic En.   Total Energy  Conserved En.    Temperature
   -1.11638e+05    1.80003e+04   -9.36376e+04   -9.20880e+04    2.98099e+02
 Pres. DC (bar) Pressure (bar)   Constr. rmsd
   -2.22557e+02    1.12383e+02    2.58396e-06

           Step           Time
         480000      960.00000

   Energies (kJ/mol)
           Bond          Angle    Proper Dih. Ryckaert-Bell.          LJ-14
    3.00854e+02    5.63743e+02    5.75607e+01    2.24199e+02    3.71340e+02
     Coulomb-14        LJ (SR)  Disper. corr.   Coulomb (SR)   Coul. recip.
    1.87609e+03    2.01767e+04   -9.40875e+02   -1.34228e+05    6.17272e+02
      Potential    Kinetic En.   Total Energy  Conserved En.    Temperature
   -1.10981e+05    1.79661e+04   -9.30153e+04   -9.20786e+04    2.97532e+02
 Pres. DC (bar) Pressure (bar)   Constr. rmsd
   -2.19528e+02   -5.32448e+02    1.98611e-06

           Step           Time
         485000      970.00000

   Energies (kJ/mol)
           Bond          Angle    Proper Dih. Ryckaert-Bell.          LJ-14
    2.55151e+02    6.34088e+02    1.97207e+01    2.16148e+02    3.75770e+02
     Coulomb-14        LJ (SR)  Disper. corr.   Coulomb (SR)   Coul. recip.
    1.85364e+03    2.05475e+04   -9.38365e+02   -1.35177e+05    6.16052e+02
      Potential    Kinetic En.   Total Energy  Conserved En.    Temperature
   -1.11598e+05    1.84036e+04   -9.31939e+04   -9.20623e+04    3.04777e+02
 Pres. DC (bar) Pressure (bar)   Constr. rmsd
   -2.18359e+02   -1.85561e+02    2.84751e-06

           Step           Time
         490000      980.00000

   Energies (kJ/mol)
           Bond          Angle    Proper Dih. Ryckaert-Bell.          LJ-14
    2.44345e+02    5.88857e+02    3.84895e+01    2.75169e+02    4.06978e+02
     Coulomb-14        LJ (SR)  Disper. corr.   Coulomb (SR)   Coul. recip.
    1.85794e+03    2.08218e+04   -9.39332e+02   -1.35758e+05    6.42758e+02
      Potential    Kinetic En.   Total Energy  Conserved En.    Temperature
   -1.11821e+05    1.85175e+04   -9.33031e+04   -9.20597e+04    3.06663e+02
 Pres. DC (bar) Pressure (bar)   Constr. rmsd
   -2.18809e+02   -2.46767e+00    3.71729e-06

           Step           Time
         495000      990.00000

   Energies (kJ/mol)
           Bond          Angle    Proper Dih. Ryckaert-Bell.          LJ-14
    1.95152e+02    5.35973e+02    2.89497e+01    2.34573e+02    3.92049e+02
     Coulomb-14        LJ (SR)  Disper. corr.   Coulomb (SR)   Coul. recip.
    1.84116e+03    2.07946e+04   -9.48024e+02   -1.35731e+05    5.90252e+02
      Potential    Kinetic En.   Total Energy  Conserved En.    Temperature
   -1.12066e+05    1.81039e+04   -9.39626e+04   -9.20550e+04    2.99814e+02
 Pres. DC (bar) Pressure (bar)   Constr. rmsd
   -2.22872e+02    3.00462e+02    1.97076e-06

           Step           Time
         500000     1000.00000

Writing checkpoint, step 500000 at Thu Sep 19 17:15:32 2024


   Energies (kJ/mol)
           Bond          Angle    Proper Dih. Ryckaert-Bell.          LJ-14
    1.86562e+02    5.56890e+02    2.61885e+01    2.67055e+02    4.54481e+02
     Coulomb-14        LJ (SR)  Disper. corr.   Coulomb (SR)   Coul. recip.
    1.87822e+03    2.04448e+04   -9.37354e+02   -1.34817e+05    6.05091e+02
      Potential    Kinetic En.   Total Energy  Conserved En.    Temperature
   -1.11335e+05    1.79352e+04   -9.33995e+04   -9.20317e+04    2.97020e+02
 Pres. DC (bar) Pressure (bar)   Constr. rmsd
   -2.17890e+02    3.29165e+02    2.61837e-06


	<======  ###############  ==>
	<====  A V E R A G E S  ====>
	<==  ###############  ======>

	Statistics over 500001 steps using 5001 frames

   Energies (kJ/mol)
           Bond          Angle    Proper Dih. Ryckaert-Bell.          LJ-14
    2.22094e+02    6.04277e+02    3.45484e+01    2.62960e+02    3.92062e+02
     Coulomb-14        LJ (SR)  Disper. corr.   Coulomb (SR)   Coul. recip.
    1.85801e+03    2.06106e+04   -9.38667e+02   -1.35110e+05    6.11842e+02
      Potential    Kinetic En.   Total Energy  Conserved En.    Temperature
   -1.11452e+05    1.81136e+04   -9.33385e+04   -9.27631e+04    2.99975e+02
 Pres. DC (bar) Pressure (bar)   Constr. rmsd
   -2.18506e+02   -1.97378e+00    0.00000e+00

          Box-X          Box-Y          Box-Z
    4.14901e+00    4.14901e+00    4.14901e+00

   Total Virial (kJ/mol)
    6.05383e+03   -1.09678e+00    1.15232e+01
   -1.08062e+00    6.04379e+03    9.66202e+00
    1.15044e+01    9.66376e+00    6.03344e+03

   Pressure (bar)
   -6.03184e+00    2.43135e+00   -3.35201e+00
    2.42381e+00   -2.77913e+00   -3.66727e+00
   -3.34319e+00   -3.66809e+00    2.88961e+00

      T-Protein  T-non-Protein
    3.00148e+02    2.99966e+02


	M E G A - F L O P S   A C C O U N T I N G

 NB=Group-cutoff nonbonded kernels    NxN=N-by-N cluster Verlet kernels
 RF=Reaction-Field  VdW=Van der Waals  QSTab=quadratic-spline table
 W3=SPC/TIP3p  W4=TIP4p (single or pairs)
 V&F=Potential and force  V=Potential only  F=Force only

 Computing:                               M-Number         M-Flops  % Flops
-----------------------------------------------------------------------------
 Pair Search distance check           30560.924824      275048.323     0.2
 NxN Ewald Elec. + LJ [F]           1126629.414672    74357541.368    51.4
 NxN Ewald Elec. + LJ [V&F]           11381.373728     1217806.989     0.8
 NxN Ewald Elec. [F]                1024632.488080    62502581.773    43.2
 NxN Ewald Elec. [V&F]                10352.823968      869637.213     0.6
 1,4 nonbonded interactions             377.000754       33930.068     0.0
 Calc Weights                         10785.021570      388260.777     0.3
 Spread Q Bspline                    230080.460160      460160.920     0.3
 Gather F Bspline                    230080.460160     1380482.761     1.0
 3D-FFT                              316593.633186     2532749.065     1.8
 Solve PME                              392.000784       25088.050     0.0
 Shift-X                                 71.907190         431.443     0.0
 Bonds                                   77.000154        4543.009     0.0
 Angles                                 263.000526       44184.088     0.0
 Propers                                 30.000060        6870.014     0.0
 RB-Dihedrals                           297.000594       73359.147     0.1
 Virial                                 361.757235        6511.630     0.0
 Stop-CM                                 35.957190         359.572     0.0
 Calc-Ekin                              719.014380       19413.388     0.0
 Lincs                                   68.000136        4080.008     0.0
 Lincs-Mat                              318.000636        1272.003     0.0
 Constraint-V                          3589.007178       28712.057     0.0
 Constraint-Vir                         352.107042        8450.569     0.0
 Settle                                1151.002302      371773.744     0.3
-----------------------------------------------------------------------------
 Total                                               144613247.980   100.0
-----------------------------------------------------------------------------


     R E A L   C Y C L E   A N D   T I M E   A C C O U N T I N G

On 1 MPI rank

 Computing:          Num   Num      Call    Wall time         Giga-Cycles
                     Ranks Threads  Count      (s)         total sum    %
-----------------------------------------------------------------------------
 Neighbor search        1    1      10001     107.445        310.858   4.1
 Force                  1    1     500001    1792.940       5187.280  67.6
 PME mesh               1    1     500001     645.384       1867.205  24.3
 NB X/F buffer ops.     1    1     990001      17.323         50.118   0.7
 Write traj.            1    1        103       1.945          5.627   0.1
 Update                 1    1     500001      13.095         37.885   0.5
 Constraints            1    1     500001      62.482        180.772   2.4
 Rest                                          10.209         29.538   0.4
-----------------------------------------------------------------------------
 Total                                       2650.823       7669.282 100.0
-----------------------------------------------------------------------------
 Breakdown of PME mesh computation
-----------------------------------------------------------------------------
 PME spread             1    1     500001     192.576        557.156   7.3
 PME gather             1    1     500001     294.670        852.531  11.1
 PME 3D-FFT             1    1    1000002     140.806        407.374   5.3
 PME solve Elec         1    1     500001      16.657         48.191   0.6
-----------------------------------------------------------------------------

               Core t (s)   Wall t (s)        (%)
       Time:     2650.821     2650.823      100.0
                         44:10
                 (ns/day)    (hour/ns)
Performance:       32.594        0.736
Finished mdrun on rank 0 Thu Sep 19 17:15:32 2024

